Teams and players loaded.
Loading ATL...
ATL games and player logs loaded.
Loading BOS...
BOS games and player logs loaded.
Loading CLE...
CLE games and player logs loaded.
Loading NOP...
NOP games and player logs loaded.
Loading CHI...
CHI games and player logs loaded.
Loading DAL...
DAL games and player logs loaded.
Loading DEN...
DEN games and player logs loaded.
Loading GSW...
GSW games and player logs loaded.
Loading HOU...
HOU games and player logs loaded.
Loading LAC...
LAC games and player logs loaded.
Loading LAL...
LAL games and player logs loaded.
Loading MIA...
MIA games and player logs loaded.
Loading MIL...
MIL games and player logs loaded.
Loading MIN...
MIN games and player logs loaded.
Loading BKN...
BKN games and player logs loaded.
Loading NYK...
NYK games and player logs loaded.
Loading ORL...
ORL games and player logs loaded.
Loading IND...
IND games and player logs loaded.
Loading PHI...
PHI games and player logs loaded.
Loading PHX...
PHX games and player logs loaded.
Loading POR...
POR games and player logs loaded.
Loading SAC...
SAC games and player logs loaded.
Loading SAS...
SAS games and player logs loaded.
Loading OKC...
OKC games and player logs loaded.
Loading TOR...
TOR games and player logs loaded.
Loading UTA...
UTA games and player logs loaded.
Loading MEM...
MEM games and player logs loaded.
Loading WAS...
WAS games and player logs loaded.
Loading DET...
DET games and player logs loaded.
Loading CHA...
CHA games and player logs loaded.
Aggregated stats and efficiency loaded.
Player predictions loaded.
Full NBA refresh complete.
Teams and players loaded.
Loading ATL...
ATL games and player logs loaded.
Loading BOS...
BOS games and player logs loaded.
Loading CLE...
CLE games and player logs loaded.
Loading NOP...
NOP games and player logs loaded.
Loading CHI...
CHI games and player logs loaded.
Loading DAL...
DAL games and player logs loaded.
Loading DEN...
DEN games and player logs loaded.
Loading GSW...
GSW games and player logs loaded.
Loading HOU...
HOU games and player logs loaded.
Loading LAC...
LAC games and player logs loaded.
Loading LAL...
API call failed (attempt 1/3): HTTPSConnectionPool(host='stats.nba.com', port=443): Read timed out. (read timeout=30)
LAL games and player logs loaded.
Loading MIA...
MIA games and player logs loaded.
Loading MIL...
MIL games and player logs loaded.
Loading MIN...
MIN games and player logs loaded.
Loading BKN...
BKN games and player logs loaded.
Loading NYK...
NYK games and player logs loaded.
Loading ORL...
ORL games and player logs loaded.
Loading IND...
IND games and player logs loaded.
Loading PHI...
PHI games and player logs loaded.
Loading PHX...
PHX games and player logs loaded.
Loading POR...
POR games and player logs loaded.
Loading SAC...
SAC games and player logs loaded.
Loading SAS...
SAS games and player logs loaded.
Loading OKC...
OKC games and player logs loaded.
Loading TOR...
TOR games and player logs loaded.
Loading UTA...
UTA games and player logs loaded.
Loading MEM...
MEM games and player logs loaded.
Loading WAS...
WAS games and player logs loaded.
Loading DET...
DET games and player logs loaded.
Loading CHA...
CHA games and player logs loaded.
Aggregated stats and efficiency loaded.
Player predictions loaded.
Full NBA refresh complete.
Teams and players loaded.
Loading ATL...
ATL games and player logs loaded.
Loading BOS...
BOS games and player logs loaded.
Loading CLE...
CLE games and player logs loaded.
Loading NOP...
NOP games and player logs loaded.
Loading CHI...
CHI games and player logs loaded.
Loading DAL...
DAL games and player logs loaded.
Loading DEN...
DEN games and player logs loaded.
Loading GSW...
GSW games and player logs loaded.
Loading HOU...
HOU games and player logs loaded.
Loading LAC...
LAC games and player logs loaded.
Loading LAL...
LAL games and player logs loaded.
Loading MIA...
MIA games and player logs loaded.
Loading MIL...
MIL games and player logs loaded.
Loading MIN...
MIN games and player logs loaded.
Loading BKN...
BKN games and player logs loaded.
Loading NYK...
NYK games and player logs loaded.
Loading ORL...
ORL games and player logs loaded.
Loading IND...
IND games and player logs loaded.
Loading PHI...
PHI games and player logs loaded.
Loading PHX...
PHX games and player logs loaded.
Loading POR...
POR games and player logs loaded.
Loading SAC...
SAC games and player logs loaded.
Loading SAS...
SAS games and player logs loaded.
Loading OKC...
OKC games and player logs loaded.
Loading TOR...
TOR games and player logs loaded.
Loading UTA...
UTA games and player logs loaded.
Loading MEM...
MEM games and player logs loaded.
Loading WAS...
WAS games and player logs loaded.
Loading DET...
DET games and player logs loaded.
Loading CHA...
CHA games and player logs loaded.
Aggregated stats and efficiency loaded.
Player predictions loaded.
Full NBA refresh complete.
Teams and players loaded.
Loading ATL...
ATL games and player logs loaded.
Loading BOS...
BOS games and player logs loaded.
Loading CLE...
CLE games and player logs loaded.
Loading NOP...
NOP games and player logs loaded.
Loading CHI...
CHI games and player logs loaded.
Loading DAL...
DAL games and player logs loaded.
Loading DEN...
DEN games and player logs loaded.
Loading GSW...
GSW games and player logs loaded.
Loading HOU...
HOU games and player logs loaded.
Loading LAC...
LAC games and player logs loaded.
Loading LAL...
LAL games and player logs loaded.
Loading MIA...
MIA games and player logs loaded.
Loading MIL...
MIL games and player logs loaded.
Loading MIN...
MIN games and player logs loaded.
Loading BKN...
BKN games and player logs loaded.
Loading NYK...
NYK games and player logs loaded.
Loading ORL...
ORL games and player logs loaded.
Loading IND...
IND games and player logs loaded.
Loading PHI...
PHI games and player logs loaded.
Loading PHX...
PHX games and player logs loaded.
Loading POR...
POR games and player logs loaded.
Loading SAC...
SAC games and player logs loaded.
Loading SAS...
SAS games and player logs loaded.
Loading OKC...
OKC games and player logs loaded.
Loading TOR...
TOR games and player logs loaded.
Loading UTA...
UTA games and player logs loaded.
Loading MEM...
MEM games and player logs loaded.
Loading WAS...
WAS games and player logs loaded.
Loading DET...
DET games and player logs loaded.
Loading CHA...
CHA games and player logs loaded.
Aggregated stats and efficiency loaded.
Player predictions loaded.
Full NBA refresh complete.
Teams and players loaded.
Loading ATL...
ATL games and player logs loaded.
Loading BOS...
BOS games and player logs loaded.
Loading CLE...
CLE games and player logs loaded.
Loading NOP...
NOP games and player logs loaded.
Loading CHI...
CHI games and player logs loaded.
Loading DAL...
DAL games and player logs loaded.
Loading DEN...
DEN games and player logs loaded.
Loading GSW...
GSW games and player logs loaded.
Loading HOU...
HOU games and player logs loaded.
Loading LAC...
LAC games and player logs loaded.
Loading LAL...
LAL games and player logs loaded.
Loading MIA...
MIA games and player logs loaded.
Loading MIL...
MIL games and player logs loaded.
Loading MIN...
MIN games and player logs loaded.
Loading BKN...
BKN games and player logs loaded.
Loading NYK...
NYK games and player logs loaded.
Loading ORL...
ORL games and player logs loaded.
Loading IND...
IND games and player logs loaded.
Loading PHI...
PHI games and player logs loaded.
Loading PHX...
PHX games and player logs loaded.
Loading POR...
POR games and player logs loaded.
Loading SAC...
SAC games and player logs loaded.
Loading SAS...
SAS games and player logs loaded.
Loading OKC...
OKC games and player logs loaded.
Loading TOR...
TOR games and player logs loaded.
Loading UTA...
UTA games and player logs loaded.
Loading MEM...
MEM games and player logs loaded.
Loading WAS...
WAS games and player logs loaded.
Loading DET...
DET games and player logs loaded.
Loading CHA...
CHA games and player logs loaded.
Aggregated stats and efficiency loaded.
Player predictions loaded.
Full NBA refresh complete.
Teams and players loaded.
Loading ATL...
Teams and players loaded.
Loading ATL...
ATL games and player logs loaded.
Loading BOS...
BOS games and player logs loaded.
Loading CLE...
CLE games and player logs loaded.
Loading NOP...
NOP games and player logs loaded.
Loading CHI...
CHI games and player logs loaded.
Loading DAL...
DAL games and player logs loaded.
Loading DEN...
DEN games and player logs loaded.
Loading GSW...
GSW games and player logs loaded.
Loading HOU...
HOU games and player logs loaded.
Loading LAC...
LAC games and player logs loaded.
Loading LAL...
LAL games and player logs loaded.
Loading MIA...
MIA games and player logs loaded.
Loading MIL...
MIL games and player logs loaded.
Loading MIN...
MIN games and player logs loaded.
Loading BKN...
BKN games and player logs loaded.
Loading NYK...
NYK games and player logs loaded.
Loading ORL...
ORL games and player logs loaded.
Loading IND...
IND games and player logs loaded.
Loading PHI...
PHI games and player logs loaded.
Loading PHX...
PHX games and player logs loaded.
Loading POR...
POR games and player logs loaded.
Loading SAC...
SAC games and player logs loaded.
Loading SAS...
SAS games and player logs loaded.
Loading OKC...
OKC games and player logs loaded.
Loading TOR...
TOR games and player logs loaded.
Loading UTA...
UTA games and player logs loaded.
Loading MEM...
MEM games and player logs loaded.
Loading WAS...
WAS games and player logs loaded.
Loading DET...
DET games and player logs loaded.
Loading CHA...
CHA games and player logs loaded.
Aggregated stats and efficiency loaded.
Player predictions loaded.
Full NBA refresh complete.
Teams and players loaded.
Loading ATL...
ATL games and player logs loaded.
Loading BOS...
BOS games and player logs loaded.
Loading CLE...
CLE games and player logs loaded.
Loading NOP...
NOP games and player logs loaded.
Loading CHI...
CHI games and player logs loaded.
Loading DAL...
DAL games and player logs loaded.
Loading DEN...
DEN games and player logs loaded.
Loading GSW...
GSW games and player logs loaded.
Loading HOU...
HOU games and player logs loaded.
Loading LAC...
LAC games and player logs loaded.
Loading LAL...
LAL games and player logs loaded.
Loading MIA...
MIA games and player logs loaded.
Loading MIL...
MIL games and player logs loaded.
Loading MIN...
MIN games and player logs loaded.
Loading BKN...
BKN games and player logs loaded.
Loading NYK...
NYK games and player logs loaded.
Loading ORL...
ORL games and player logs loaded.
Loading IND...
IND games and player logs loaded.
Loading PHI...
PHI games and player logs loaded.
Loading PHX...
PHX games and player logs loaded.
Loading POR...
POR games and player logs loaded.
Loading SAC...
SAC games and player logs loaded.
Loading SAS...
SAS games and player logs loaded.
Loading OKC...
OKC games and player logs loaded.
Loading TOR...
TOR games and player logs loaded.
Loading UTA...
UTA games and player logs loaded.
Loading MEM...
MEM games and player logs loaded.
Loading WAS...
WAS games and player logs loaded.
Loading DET...
DET games and player logs loaded.
Loading CHA...
CHA games and player logs loaded.
Aggregated stats and efficiency loaded.
Player predictions loaded.
Full NBA refresh complete.
Teams and players loaded.
Loading ATL...
