Traceback (most recent call last):
  File "/Users/nicosommerabadia/statline/statline/.venv/lib/python3.13/site-packages/sqlalchemy/engine/base.py", line 1936, in _exec_single_context
    self.dialect.do_executemany(
    ~~~~~~~~~~~~~~~~~~~~~~~~~~~^
        cursor,
        ^^^^^^^
    ...<2 lines>...
        context,
        ^^^^^^^^
    )
    ^
  File "/Users/nicosommerabadia/statline/statline/.venv/lib/python3.13/site-packages/sqlalchemy/dialects/postgresql/psycopg2.py", line 800, in do_executemany
    cursor.executemany(statement, parameters)
    ~~~~~~~~~~~~~~~~~~^^^^^^^^^^^^^^^^^^^^^^^
psycopg2.OperationalError: server closed the connection unexpectedly
	This probably means the server terminated abnormally
	before or while processing the request.
server closed the connection unexpectedly
	This probably means the server terminated abnormally
	before or while processing the request.


The above exception was the direct cause of the following exception:

Traceback (most recent call last):
  File "<frozen runpy>", line 198, in _run_module_as_main
  File "<frozen runpy>", line 88, in _run_code
  File "/Users/nicosommerabadia/statline/statline/src/refresh_all.py", line 15, in <module>
    load_team_games_and_player_logs(
    ~~~~~~~~~~~~~~~~~~~~~~~~~~~~~~~^
        team_abbreviation=abbrev,
        ^^^^^^^^^^^^^^^^^^^^^^^^^
        season="2025-26",
        ^^^^^^^^^^^^^^^^^
    )
    ^
  File "/Users/nicosommerabadia/statline/statline/src/ingest_games.py", line 257, in load_team_games_and_player_logs
    _upsert_games(final_games)
    ~~~~~~~~~~~~~^^^^^^^^^^^^^
  File "/Users/nicosommerabadia/statline/statline/src/ingest_games.py", line 91, in _upsert_games
    conn.execute(
    ~~~~~~~~~~~~^
        text("""
        ^^^^^^^^
    ...<36 lines>...
        records,
        ^^^^^^^^
    )
    ^
  File "/Users/nicosommerabadia/statline/statline/.venv/lib/python3.13/site-packages/sqlalchemy/engine/base.py", line 1419, in execute
    return meth(
        self,
        distilled_parameters,
        execution_options or NO_OPTIONS,
    )
  File "/Users/nicosommerabadia/statline/statline/.venv/lib/python3.13/site-packages/sqlalchemy/sql/elements.py", line 527, in _execute_on_connection
    return connection._execute_clauseelement(
           ~~~~~~~~~~~~~~~~~~~~~~~~~~~~~~~~~^
        self, distilled_params, execution_options
        ^^^^^^^^^^^^^^^^^^^^^^^^^^^^^^^^^^^^^^^^^
    )
    ^
  File "/Users/nicosommerabadia/statline/statline/.venv/lib/python3.13/site-packages/sqlalchemy/engine/base.py", line 1641, in _execute_clauseelement
    ret = self._execute_context(
        dialect,
    ...<8 lines>...
        cache_hit=cache_hit,
    )
  File "/Users/nicosommerabadia/statline/statline/.venv/lib/python3.13/site-packages/sqlalchemy/engine/base.py", line 1846, in _execute_context
    return self._exec_single_context(
           ~~~~~~~~~~~~~~~~~~~~~~~~~^
        dialect, context, statement, parameters
        ^^^^^^^^^^^^^^^^^^^^^^^^^^^^^^^^^^^^^^^
    )
    ^
  File "/Users/nicosommerabadia/statline/statline/.venv/lib/python3.13/site-packages/sqlalchemy/engine/base.py", line 1986, in _exec_single_context
    self._handle_dbapi_exception(
    ~~~~~~~~~~~~~~~~~~~~~~~~~~~~^
        e, str_statement, effective_parameters, cursor, context
        ^^^^^^^^^^^^^^^^^^^^^^^^^^^^^^^^^^^^^^^^^^^^^^^^^^^^^^^
    )
    ^
  File "/Users/nicosommerabadia/statline/statline/.venv/lib/python3.13/site-packages/sqlalchemy/engine/base.py", line 2363, in _handle_dbapi_exception
    raise sqlalchemy_exception.with_traceback(exc_info[2]) from e
  File "/Users/nicosommerabadia/statline/statline/.venv/lib/python3.13/site-packages/sqlalchemy/engine/base.py", line 1936, in _exec_single_context
    self.dialect.do_executemany(
    ~~~~~~~~~~~~~~~~~~~~~~~~~~~^
        cursor,
        ^^^^^^^
    ...<2 lines>...
        context,
        ^^^^^^^^
    )
    ^
  File "/Users/nicosommerabadia/statline/statline/.venv/lib/python3.13/site-packages/sqlalchemy/dialects/postgresql/psycopg2.py", line 800, in do_executemany
    cursor.executemany(statement, parameters)
    ~~~~~~~~~~~~~~~~~~^^^^^^^^^^^^^^^^^^^^^^^
sqlalchemy.exc.OperationalError: (psycopg2.OperationalError) server closed the connection unexpectedly
	This probably means the server terminated abnormally
	before or while processing the request.
server closed the connection unexpectedly
	This probably means the server terminated abnormally
	before or while processing the request.

[SQL: 
                INSERT INTO games (
                    game_id,
                    season_id,
                    game_date,
                    team_id,
                    opponent_team_id,
                    matchup,
                    home_or_away,
                    team_score,
                    opponent_score,
                    result
                )
                VALUES (
                    %(game_id)s,
                    %(season_id)s,
                    %(game_date)s,
                    %(team_id)s,
                    %(opponent_team_id)s,
                    %(matchup)s,
                    %(home_or_away)s,
                    %(team_score)s,
                    %(opponent_score)s,
                    %(result)s
                )
                ON CONFLICT (game_id, team_id) DO UPDATE
                SET
                    season_id = EXCLUDED.season_id,
                    game_date = EXCLUDED.game_date,
                    opponent_team_id = EXCLUDED.opponent_team_id,
                    matchup = EXCLUDED.matchup,
                    home_or_away = EXCLUDED.home_or_away,
                    team_score = EXCLUDED.team_score,
                    result = EXCLUDED.result,
                    opponent_score = COALESCE(EXCLUDED.opponent_score, games.opponent_score),
                    last_updated = CURRENT_TIMESTAMP
            ]
[parameters: [{'game_id': '0022500970', 'season_id': 1, 'game_date': datetime.date(2026, 3, 14), 'team_id': 1610612737, 'opponent_team_id': 1610612749, 'matchup': 'ATL vs. MIL', 'home_or_away': 'Home', 'team_score': 122, 'opponent_score': None, 'result': 'W'}, {'game_id': '0022500956', 'season_id': 1, 'game_date': datetime.date(2026, 3, 12), 'team_id': 1610612737, 'opponent_team_id': 1610612751, 'matchup': 'ATL vs. BKN', 'home_or_away': 'Home', 'team_score': 108, 'opponent_score': None, 'result': 'W'}, {'game_id': '0022500939', 'season_id': 1, 'game_date': datetime.date(2026, 3, 10), 'team_id': 1610612737, 'opponent_team_id': 1610612742, 'matchup': 'ATL vs. DAL', 'home_or_away': 'Home', 'team_score': 124, 'opponent_score': None, 'result': 'W'}, {'game_id': '0022500917', 'season_id': 1, 'game_date': datetime.date(2026, 3, 7), 'team_id': 1610612737, 'opponent_team_id': 1610612755, 'matchup': 'ATL vs. PHI', 'home_or_away': 'Home', 'team_score': 125, 'opponent_score': None, 'result': 'W'}, {'game_id': '0022500897', 'season_id': 1, 'game_date': datetime.date(2026, 3, 4), 'team_id': 1610612737, 'opponent_team_id': 1610612749, 'matchup': 'ATL @ MIL', 'home_or_away': 'Away', 'team_score': 131, 'opponent_score': None, 'result': 'W'}, {'game_id': '0022500873', 'season_id': 1, 'game_date': datetime.date(2026, 3, 1), 'team_id': 1610612737, 'opponent_team_id': 1610612757, 'matchup': 'ATL vs. POR', 'home_or_away': 'Home', 'team_score': 135, 'opponent_score': None, 'result': 'W'}, {'game_id': '0022500850', 'season_id': 1, 'game_date': datetime.date(2026, 2, 26), 'team_id': 1610612737, 'opponent_team_id': 1610612764, 'matchup': 'ATL vs. WAS', 'home_or_away': 'Home', 'team_score': 126, 'opponent_score': None, 'result': 'W'}, {'game_id': '0022500832', 'season_id': 1, 'game_date': datetime.date(2026, 2, 24), 'team_id': 1610612737, 'opponent_team_id': 1610612764, 'matchup': 'ATL vs. WAS', 'home_or_away': 'Home', 'team_score': 119, 'opponent_score': None, 'result': 'W'}  ... displaying 10 of 67 total bound parameter sets ...  {'game_id': '0022500090', 'season_id': 1, 'game_date': datetime.date(2025, 10, 24), 'team_id': 1610612737, 'opponent_team_id': 1610612753, 'matchup': 'ATL @ ORL', 'home_or_away': 'Away', 'team_score': 111, 'opponent_score': None, 'result': 'W'}, {'game_id': '0022500082', 'season_id': 1, 'game_date': datetime.date(2025, 10, 22), 'team_id': 1610612737, 'opponent_team_id': 1610612761, 'matchup': 'ATL vs. TOR', 'home_or_away': 'Home', 'team_score': 118, 'opponent_score': None, 'result': 'L'}]]
(Background on this error at: https://sqlalche.me/e/20/e3q8)
Traceback (most recent call last):
  File "/Users/nicosommerabadia/statline/statline/.venv/lib/python3.13/site-packages/sqlalchemy/engine/base.py", line 1936, in _exec_single_context
    self.dialect.do_executemany(
    ~~~~~~~~~~~~~~~~~~~~~~~~~~~^
        cursor,
        ^^^^^^^
    ...<2 lines>...
        context,
        ^^^^^^^^
    )
    ^
  File "/Users/nicosommerabadia/statline/statline/.venv/lib/python3.13/site-packages/sqlalchemy/dialects/postgresql/psycopg2.py", line 800, in do_executemany
    cursor.executemany(statement, parameters)
    ~~~~~~~~~~~~~~~~~~^^^^^^^^^^^^^^^^^^^^^^^
psycopg2.OperationalError: server closed the connection unexpectedly
	This probably means the server terminated abnormally
	before or while processing the request.
server closed the connection unexpectedly
	This probably means the server terminated abnormally
	before or while processing the request.


The above exception was the direct cause of the following exception:

Traceback (most recent call last):
  File "<frozen runpy>", line 198, in _run_module_as_main
  File "<frozen runpy>", line 88, in _run_code
  File "/Users/nicosommerabadia/statline/statline/src/refresh_all.py", line 15, in <module>
    load_team_games_and_player_logs(
    ~~~~~~~~~~~~~~~~~~~~~~~~~~~~~~~^
        team_abbreviation=abbrev,
        ^^^^^^^^^^^^^^^^^^^^^^^^^
        season="2025-26",
        ^^^^^^^^^^^^^^^^^
    )
    ^
  File "/Users/nicosommerabadia/statline/statline/src/ingest_games.py", line 257, in load_team_games_and_player_logs
    _upsert_games(final_games)
    ~~~~~~~~~~~~~^^^^^^^^^^^^^
  File "/Users/nicosommerabadia/statline/statline/src/ingest_games.py", line 91, in _upsert_games
    conn.execute(
    ~~~~~~~~~~~~^
        text("""
        ^^^^^^^^
    ...<36 lines>...
        records,
        ^^^^^^^^
    )
    ^
  File "/Users/nicosommerabadia/statline/statline/.venv/lib/python3.13/site-packages/sqlalchemy/engine/base.py", line 1419, in execute
    return meth(
        self,
        distilled_parameters,
        execution_options or NO_OPTIONS,
    )
  File "/Users/nicosommerabadia/statline/statline/.venv/lib/python3.13/site-packages/sqlalchemy/sql/elements.py", line 527, in _execute_on_connection
    return connection._execute_clauseelement(
           ~~~~~~~~~~~~~~~~~~~~~~~~~~~~~~~~~^
        self, distilled_params, execution_options
        ^^^^^^^^^^^^^^^^^^^^^^^^^^^^^^^^^^^^^^^^^
    )
    ^
  File "/Users/nicosommerabadia/statline/statline/.venv/lib/python3.13/site-packages/sqlalchemy/engine/base.py", line 1641, in _execute_clauseelement
    ret = self._execute_context(
        dialect,
    ...<8 lines>...
        cache_hit=cache_hit,
    )
  File "/Users/nicosommerabadia/statline/statline/.venv/lib/python3.13/site-packages/sqlalchemy/engine/base.py", line 1846, in _execute_context
    return self._exec_single_context(
           ~~~~~~~~~~~~~~~~~~~~~~~~~^
        dialect, context, statement, parameters
        ^^^^^^^^^^^^^^^^^^^^^^^^^^^^^^^^^^^^^^^
    )
    ^
  File "/Users/nicosommerabadia/statline/statline/.venv/lib/python3.13/site-packages/sqlalchemy/engine/base.py", line 1986, in _exec_single_context
    self._handle_dbapi_exception(
    ~~~~~~~~~~~~~~~~~~~~~~~~~~~~^
        e, str_statement, effective_parameters, cursor, context
        ^^^^^^^^^^^^^^^^^^^^^^^^^^^^^^^^^^^^^^^^^^^^^^^^^^^^^^^
    )
    ^
  File "/Users/nicosommerabadia/statline/statline/.venv/lib/python3.13/site-packages/sqlalchemy/engine/base.py", line 2363, in _handle_dbapi_exception
    raise sqlalchemy_exception.with_traceback(exc_info[2]) from e
  File "/Users/nicosommerabadia/statline/statline/.venv/lib/python3.13/site-packages/sqlalchemy/engine/base.py", line 1936, in _exec_single_context
    self.dialect.do_executemany(
    ~~~~~~~~~~~~~~~~~~~~~~~~~~~^
        cursor,
        ^^^^^^^
    ...<2 lines>...
        context,
        ^^^^^^^^
    )
    ^
  File "/Users/nicosommerabadia/statline/statline/.venv/lib/python3.13/site-packages/sqlalchemy/dialects/postgresql/psycopg2.py", line 800, in do_executemany
    cursor.executemany(statement, parameters)
    ~~~~~~~~~~~~~~~~~~^^^^^^^^^^^^^^^^^^^^^^^
sqlalchemy.exc.OperationalError: (psycopg2.OperationalError) server closed the connection unexpectedly
	This probably means the server terminated abnormally
	before or while processing the request.
server closed the connection unexpectedly
	This probably means the server terminated abnormally
	before or while processing the request.

[SQL: 
                INSERT INTO games (
                    game_id,
                    season_id,
                    game_date,
                    team_id,
                    opponent_team_id,
                    matchup,
                    home_or_away,
                    team_score,
                    opponent_score,
                    result
                )
                VALUES (
                    %(game_id)s,
                    %(season_id)s,
                    %(game_date)s,
                    %(team_id)s,
                    %(opponent_team_id)s,
                    %(matchup)s,
                    %(home_or_away)s,
                    %(team_score)s,
                    %(opponent_score)s,
                    %(result)s
                )
                ON CONFLICT (game_id, team_id) DO UPDATE
                SET
                    season_id = EXCLUDED.season_id,
                    game_date = EXCLUDED.game_date,
                    opponent_team_id = EXCLUDED.opponent_team_id,
                    matchup = EXCLUDED.matchup,
                    home_or_away = EXCLUDED.home_or_away,
                    team_score = EXCLUDED.team_score,
                    result = EXCLUDED.result,
                    opponent_score = COALESCE(EXCLUDED.opponent_score, games.opponent_score),
                    last_updated = CURRENT_TIMESTAMP
            ]
[parameters: [{'game_id': '0022500983', 'season_id': 1, 'game_date': datetime.date(2026, 3, 16), 'team_id': 1610612737, 'opponent_team_id': 1610612753, 'matchup': 'ATL vs. ORL', 'home_or_away': 'Home', 'team_score': 124, 'opponent_score': None, 'result': 'W'}, {'game_id': '0022500970', 'season_id': 1, 'game_date': datetime.date(2026, 3, 14), 'team_id': 1610612737, 'opponent_team_id': 1610612749, 'matchup': 'ATL vs. MIL', 'home_or_away': 'Home', 'team_score': 122, 'opponent_score': None, 'result': 'W'}, {'game_id': '0022500956', 'season_id': 1, 'game_date': datetime.date(2026, 3, 12), 'team_id': 1610612737, 'opponent_team_id': 1610612751, 'matchup': 'ATL vs. BKN', 'home_or_away': 'Home', 'team_score': 108, 'opponent_score': None, 'result': 'W'}, {'game_id': '0022500939', 'season_id': 1, 'game_date': datetime.date(2026, 3, 10), 'team_id': 1610612737, 'opponent_team_id': 1610612742, 'matchup': 'ATL vs. DAL', 'home_or_away': 'Home', 'team_score': 124, 'opponent_score': None, 'result': 'W'}, {'game_id': '0022500917', 'season_id': 1, 'game_date': datetime.date(2026, 3, 7), 'team_id': 1610612737, 'opponent_team_id': 1610612755, 'matchup': 'ATL vs. PHI', 'home_or_away': 'Home', 'team_score': 125, 'opponent_score': None, 'result': 'W'}, {'game_id': '0022500897', 'season_id': 1, 'game_date': datetime.date(2026, 3, 4), 'team_id': 1610612737, 'opponent_team_id': 1610612749, 'matchup': 'ATL @ MIL', 'home_or_away': 'Away', 'team_score': 131, 'opponent_score': None, 'result': 'W'}, {'game_id': '0022500873', 'season_id': 1, 'game_date': datetime.date(2026, 3, 1), 'team_id': 1610612737, 'opponent_team_id': 1610612757, 'matchup': 'ATL vs. POR', 'home_or_away': 'Home', 'team_score': 135, 'opponent_score': None, 'result': 'W'}, {'game_id': '0022500850', 'season_id': 1, 'game_date': datetime.date(2026, 2, 26), 'team_id': 1610612737, 'opponent_team_id': 1610612764, 'matchup': 'ATL vs. WAS', 'home_or_away': 'Home', 'team_score': 126, 'opponent_score': None, 'result': 'W'}  ... displaying 10 of 68 total bound parameter sets ...  {'game_id': '0022500090', 'season_id': 1, 'game_date': datetime.date(2025, 10, 24), 'team_id': 1610612737, 'opponent_team_id': 1610612753, 'matchup': 'ATL @ ORL', 'home_or_away': 'Away', 'team_score': 111, 'opponent_score': None, 'result': 'W'}, {'game_id': '0022500082', 'season_id': 1, 'game_date': datetime.date(2025, 10, 22), 'team_id': 1610612737, 'opponent_team_id': 1610612761, 'matchup': 'ATL vs. TOR', 'home_or_away': 'Home', 'team_score': 118, 'opponent_score': None, 'result': 'L'}]]
(Background on this error at: https://sqlalche.me/e/20/e3q8)
/Users/nicosommerabadia/statline/statline/src/predictions.py:109: FutureWarning: DataFrameGroupBy.apply operated on the grouping columns. This behavior is deprecated, and in a future version of pandas the grouping columns will be excluded from the operation. Either pass `include_groups=False` to exclude the groupings or explicitly select the grouping columns after groupby to silence this warning.
  .apply(
/Users/nicosommerabadia/statline/statline/src/predictions.py:195: FutureWarning: DataFrameGroupBy.apply operated on the grouping columns. This behavior is deprecated, and in a future version of pandas the grouping columns will be excluded from the operation. Either pass `include_groups=False` to exclude the groupings or explicitly select the grouping columns after groupby to silence this warning.
  .apply(add_player_features)
/Users/nicosommerabadia/statline/statline/src/predictions.py:179: FutureWarning: DataFrameGroupBy.apply operated on the grouping columns. This behavior is deprecated, and in a future version of pandas the grouping columns will be excluded from the operation. Either pass `include_groups=False` to exclude the groupings or explicitly select the grouping columns after groupby to silence this warning.
  .apply(
/Users/nicosommerabadia/statline/statline/src/predictions.py:258: FutureWarning: DataFrameGroupBy.apply operated on the grouping columns. This behavior is deprecated, and in a future version of pandas the grouping columns will be excluded from the operation. Either pass `include_groups=False` to exclude the groupings or explicitly select the grouping columns after groupby to silence this warning.
  .apply(add_player_features)
/Users/nicosommerabadia/statline/statline/src/predictions.py:179: FutureWarning: DataFrameGroupBy.apply operated on the grouping columns. This behavior is deprecated, and in a future version of pandas the grouping columns will be excluded from the operation. Either pass `include_groups=False` to exclude the groupings or explicitly select the grouping columns after groupby to silence this warning.
  .apply(
/Users/nicosommerabadia/statline/statline/src/predictions.py:258: FutureWarning: DataFrameGroupBy.apply operated on the grouping columns. This behavior is deprecated, and in a future version of pandas the grouping columns will be excluded from the operation. Either pass `include_groups=False` to exclude the groupings or explicitly select the grouping columns after groupby to silence this warning.
  .apply(add_player_features)
/Users/nicosommerabadia/statline/statline/src/predictions.py:179: FutureWarning: DataFrameGroupBy.apply operated on the grouping columns. This behavior is deprecated, and in a future version of pandas the grouping columns will be excluded from the operation. Either pass `include_groups=False` to exclude the groupings or explicitly select the grouping columns after groupby to silence this warning.
  .apply(
/Users/nicosommerabadia/statline/statline/src/predictions.py:258: FutureWarning: DataFrameGroupBy.apply operated on the grouping columns. This behavior is deprecated, and in a future version of pandas the grouping columns will be excluded from the operation. Either pass `include_groups=False` to exclude the groupings or explicitly select the grouping columns after groupby to silence this warning.
  .apply(add_player_features)
/Users/nicosommerabadia/statline/statline/src/predictions.py:179: FutureWarning: DataFrameGroupBy.apply operated on the grouping columns. This behavior is deprecated, and in a future version of pandas the grouping columns will be excluded from the operation. Either pass `include_groups=False` to exclude the groupings or explicitly select the grouping columns after groupby to silence this warning.
  .apply(
/Users/nicosommerabadia/statline/statline/src/predictions.py:258: FutureWarning: DataFrameGroupBy.apply operated on the grouping columns. This behavior is deprecated, and in a future version of pandas the grouping columns will be excluded from the operation. Either pass `include_groups=False` to exclude the groupings or explicitly select the grouping columns after groupby to silence this warning.
  .apply(add_player_features)
/Users/nicosommerabadia/statline/statline/src/predictions.py:179: FutureWarning: DataFrameGroupBy.apply operated on the grouping columns. This behavior is deprecated, and in a future version of pandas the grouping columns will be excluded from the operation. Either pass `include_groups=False` to exclude the groupings or explicitly select the grouping columns after groupby to silence this warning.
  .apply(
/Users/nicosommerabadia/statline/statline/src/predictions.py:258: FutureWarning: DataFrameGroupBy.apply operated on the grouping columns. This behavior is deprecated, and in a future version of pandas the grouping columns will be excluded from the operation. Either pass `include_groups=False` to exclude the groupings or explicitly select the grouping columns after groupby to silence this warning.
  .apply(add_player_features)
